<?xml version="1.0" encoding="UTF-8"?>
<!-- Generated by org.testng.reporters.JUnitReportReporter -->
<testsuite skipped="0" hostname="STUDENT" name="com.testCases.DashBoardTest" tests="1" failures="0" timestamp="13 Jul 2019 11:25:45 GMT" time="37.184" errors="0">
  <testcase name="verifyClickMyAccountLink" time="37.184" classname="com.testCases.DashBoardTest"/>
</testsuite> <!-- com.testCases.DashBoardTest -->
