<?xml version="1.0" encoding="UTF-8"?>
<!-- Generated by org.testng.reporters.JUnitReportReporter -->
<testsuite skipped="0" hostname="STUDENT" name="com.testCases.DashBoardTest" tests="1" failures="0" timestamp="13 Jul 2019 11:32:30 GMT" time="30.642" errors="0">
  <testcase name="verifyClickMyAccountLink" time="30.642" classname="com.testCases.DashBoardTest"/>
</testsuite> <!-- com.testCases.DashBoardTest -->
